<html>
<head>
<title>TestNG:  Test</title>
<link href="../testng.css" rel="stylesheet" type="text/css" />
<link href="../my-testng.css" rel="stylesheet" type="text/css" />

<style type="text/css">
.log { display: none;} 
.stack-trace { display: none;} 
</style>
<script type="text/javascript">
<!--
function flip(e) {
  current = e.style.display;
  if (current == 'block') {
    e.style.display = 'none';
    return 0;
  }
  else {
    e.style.display = 'block';
    return 1;
  }
}

function toggleBox(szDivId, elem, msg1, msg2)
{
  var res = -1;  if (document.getElementById) {
    res = flip(document.getElementById(szDivId));
  }
  else if (document.all) {
    // this is the way old msie versions work
    res = flip(document.all[szDivId]);
  }
  if(elem) {
    if(res == 0) elem.innerHTML = msg1; else elem.innerHTML = msg2;
  }

}

function toggleAllBoxes() {
  if (document.getElementsByTagName) {
    d = document.getElementsByTagName('div');
    for (i = 0; i < d.length; i++) {
      if (d[i].className == 'log') {
        flip(d[i]);
      }
    }
  }
}

// -->
</script>

</head>
<body>
<h2 align='center'>Test</h2><table border='1' align="center">
<tr>
<<<<<<< HEAD
<td>Tests passed/Failed/Skipped:</td><td>0/0/4</td>
</tr><tr>
<td>Started on:</td><td>Tue Oct 12 12:07:38 IST 2021</td>
</tr>
<tr><td>Total time:</td><td>1 seconds (1562 ms)</td>
=======
<td>Tests passed/Failed/Skipped:</td><td>10/1/0</td>
</tr><tr>
<td>Started on:</td><td>Mon Oct 11 10:31:06 IST 2021</td>
</tr>
<tr><td>Total time:</td><td>10 seconds (10892 ms)</td>
>>>>>>> b752ac4b44d4ae226dc6d1f041a3c57adb31d288
</tr><tr>
<td>Included groups:</td><td></td>
</tr><tr>
<td>Excluded groups:</td><td></td>
</tr>
</table><p/>
<small><i>(Hover the method name to see the test class name)</i></small><p/>
<table width='100%' border='1' class='invocation-failed'>
<<<<<<< HEAD
<tr><td colspan='4' align='center'><b>FAILED CONFIGURATIONS</b></td></tr>
=======
<tr><td colspan='4' align='center'><b>FAILED TESTS</b></td></tr>
>>>>>>> b752ac4b44d4ae226dc6d1f041a3c57adb31d288
<tr><td><b>Test method</b></td>
<td width="30%"><b>Exception</b></td>
<td width="10%"><b>Time (seconds)</b></td>
<td><b>Instance</b></td>
</tr>
<tr>
<<<<<<< HEAD
<td title='com.project.testcases.LoginPageTest.setup()'><b>setup</b><br>Test class: com.project.testcases.LoginPageTest</td>
<td><div><pre>org.openqa.selenium.WebDriverException: unknown error: cannot find Chrome binary
Build info: version: &apos;3.141.59&apos;, revision: &apos;e82be7d358&apos;, time: &apos;2018-11-14T08:25:48&apos;
System info: host: &apos;HJNZL001402&apos;, ip: &apos;192.168.0.245&apos;, os.name: &apos;Windows 10&apos;, os.arch: &apos;amd64&apos;, os.version: &apos;10.0&apos;, java.version: &apos;16.0.2&apos;
Driver info: driver.version: ChromeDriver
remote stacktrace: Backtrace:
	Ordinal0 [0x005CD403+2479107]
	Ordinal0 [0x00567D51+2063697]
	Ordinal0 [0x004720C8+1056968]
	Ordinal0 [0x0048B54C+1160524]
	Ordinal0 [0x00489B7F+1153919]
	Ordinal0 [0x004B9CBF+1350847]
	Ordinal0 [0x004B992A+1349930]
	Ordinal0 [0x004B583B+1333307]
	Ordinal0 [0x00491F94+1187732]
	Ordinal0 [0x00492DE9+1191401]
	GetHandleVerifier [0x0074F3F6+1531734]
	GetHandleVerifier [0x007FE9AE+2249998]
	GetHandleVerifier [0x006539AB+501003]
	GetHandleVerifier [0x00652A29+497033]
	Ordinal0 [0x0056D11D+2085149]
	Ordinal0 [0x005711C8+2101704]
	Ordinal0 [0x00571302+2102018]
	Ordinal0 [0x0057AA71+2140785]
	BaseThreadInitThunk [0x76806359+25]
	RtlGetAppContainerNamedObjectPath [0x777E87A4+228]
	RtlGetAppContainerNamedObjectPath [0x777E8774+180]

	at org.openqa.selenium.remote.W3CHandshakeResponse.lambda$errorHandler$0(W3CHandshakeResponse.java:62)
	at org.openqa.selenium.remote.HandshakeResponse.lambda$getResponseFunction$0(HandshakeResponse.java:30)
	at org.openqa.selenium.remote.ProtocolHandshake.lambda$createSession$0(ProtocolHandshake.java:126)
	at java.base/java.util.stream.ReferencePipeline$3$1.accept(ReferencePipeline.java:197)
	at java.base/java.util.Spliterators$ArraySpliterator.tryAdvance(Spliterators.java:958)
	at java.base/java.util.stream.ReferencePipeline.forEachWithCancel(ReferencePipeline.java:129)
	at java.base/java.util.stream.AbstractPipeline.copyIntoWithCancel(AbstractPipeline.java:502)
	at java.base/java.util.stream.AbstractPipeline.copyInto(AbstractPipeline.java:488)
	at java.base/java.util.stream.AbstractPipeline.wrapAndCopyInto(AbstractPipeline.java:474)
	at java.base/java.util.stream.FindOps$FindOp.evaluateSequential(FindOps.java:150)
	at java.base/java.util.stream.AbstractPipeline.evaluate(AbstractPipeline.java:234)
	at java.base/java.util.stream.ReferencePipeline.findFirst(ReferencePipeline.java:647)
	at org.openqa.selenium.remote.ProtocolHandshake.createSession(ProtocolHandshake.java:128)
	at org.openqa.selenium.remote.ProtocolHandshake.createSession(ProtocolHandshake.java:74)
	at org.openqa.selenium.remote.HttpCommandExecutor.execute(HttpCommandExecutor.java:136)
	at org.openqa.selenium.remote.service.DriverCommandExecutor.execute(DriverCommandExecutor.java:83)
	at org.openqa.selenium.remote.RemoteWebDriver.execute(RemoteWebDriver.java:552)
	at org.openqa.selenium.remote.RemoteWebDriver.startSession(RemoteWebDriver.java:213)
	at org.openqa.selenium.remote.RemoteWebDriver.&lt;init&gt;(RemoteWebDriver.java:131)
	at org.openqa.selenium.chrome.ChromeDriver.&lt;init&gt;(ChromeDriver.java:181)
	at org.openqa.selenium.chrome.ChromeDriver.&lt;init&gt;(ChromeDriver.java:168)
	at org.openqa.selenium.chrome.ChromeDriver.&lt;init&gt;(ChromeDriver.java:123)
	at com.project.base.CommonBase.initialization(CommonBase.java:47)
	at com.project.testcases.LoginPageTest.setup(LoginPageTest.java:32)
... Removed 29 stack frames</pre></div><a href='#' onClick='toggleBox("stack-trace670663110", this, "Click to show all stack frames", "Click to hide stack frames")'>Click to show all stack frames</a>
<div class='stack-trace' id='stack-trace670663110'><pre>org.openqa.selenium.WebDriverException: unknown error: cannot find Chrome binary
Build info: version: &apos;3.141.59&apos;, revision: &apos;e82be7d358&apos;, time: &apos;2018-11-14T08:25:48&apos;
System info: host: &apos;HJNZL001402&apos;, ip: &apos;192.168.0.245&apos;, os.name: &apos;Windows 10&apos;, os.arch: &apos;amd64&apos;, os.version: &apos;10.0&apos;, java.version: &apos;16.0.2&apos;
Driver info: driver.version: ChromeDriver
remote stacktrace: Backtrace:
	Ordinal0 [0x005CD403+2479107]
	Ordinal0 [0x00567D51+2063697]
	Ordinal0 [0x004720C8+1056968]
	Ordinal0 [0x0048B54C+1160524]
	Ordinal0 [0x00489B7F+1153919]
	Ordinal0 [0x004B9CBF+1350847]
	Ordinal0 [0x004B992A+1349930]
	Ordinal0 [0x004B583B+1333307]
	Ordinal0 [0x00491F94+1187732]
	Ordinal0 [0x00492DE9+1191401]
	GetHandleVerifier [0x0074F3F6+1531734]
	GetHandleVerifier [0x007FE9AE+2249998]
	GetHandleVerifier [0x006539AB+501003]
	GetHandleVerifier [0x00652A29+497033]
	Ordinal0 [0x0056D11D+2085149]
	Ordinal0 [0x005711C8+2101704]
	Ordinal0 [0x00571302+2102018]
	Ordinal0 [0x0057AA71+2140785]
	BaseThreadInitThunk [0x76806359+25]
	RtlGetAppContainerNamedObjectPath [0x777E87A4+228]
	RtlGetAppContainerNamedObjectPath [0x777E8774+180]

	at java.base/jdk.internal.reflect.NativeConstructorAccessorImpl.newInstance0(Native Method)
	at java.base/jdk.internal.reflect.NativeConstructorAccessorImpl.newInstance(NativeConstructorAccessorImpl.java:78)
	at java.base/jdk.internal.reflect.DelegatingConstructorAccessorImpl.newInstance(DelegatingConstructorAccessorImpl.java:45)
	at java.base/java.lang.reflect.Constructor.newInstanceWithCaller(Constructor.java:499)
	at java.base/java.lang.reflect.Constructor.newInstance(Constructor.java:480)
	at org.openqa.selenium.remote.W3CHandshakeResponse.lambda$errorHandler$0(W3CHandshakeResponse.java:62)
	at org.openqa.selenium.remote.HandshakeResponse.lambda$getResponseFunction$0(HandshakeResponse.java:30)
	at org.openqa.selenium.remote.ProtocolHandshake.lambda$createSession$0(ProtocolHandshake.java:126)
	at java.base/java.util.stream.ReferencePipeline$3$1.accept(ReferencePipeline.java:197)
	at java.base/java.util.Spliterators$ArraySpliterator.tryAdvance(Spliterators.java:958)
	at java.base/java.util.stream.ReferencePipeline.forEachWithCancel(ReferencePipeline.java:129)
	at java.base/java.util.stream.AbstractPipeline.copyIntoWithCancel(AbstractPipeline.java:502)
	at java.base/java.util.stream.AbstractPipeline.copyInto(AbstractPipeline.java:488)
	at java.base/java.util.stream.AbstractPipeline.wrapAndCopyInto(AbstractPipeline.java:474)
	at java.base/java.util.stream.FindOps$FindOp.evaluateSequential(FindOps.java:150)
	at java.base/java.util.stream.AbstractPipeline.evaluate(AbstractPipeline.java:234)
	at java.base/java.util.stream.ReferencePipeline.findFirst(ReferencePipeline.java:647)
	at org.openqa.selenium.remote.ProtocolHandshake.createSession(ProtocolHandshake.java:128)
	at org.openqa.selenium.remote.ProtocolHandshake.createSession(ProtocolHandshake.java:74)
	at org.openqa.selenium.remote.HttpCommandExecutor.execute(HttpCommandExecutor.java:136)
	at org.openqa.selenium.remote.service.DriverCommandExecutor.execute(DriverCommandExecutor.java:83)
	at org.openqa.selenium.remote.RemoteWebDriver.execute(RemoteWebDriver.java:552)
	at org.openqa.selenium.remote.RemoteWebDriver.startSession(RemoteWebDriver.java:213)
	at org.openqa.selenium.remote.RemoteWebDriver.&lt;init&gt;(RemoteWebDriver.java:131)
	at org.openqa.selenium.chrome.ChromeDriver.&lt;init&gt;(ChromeDriver.java:181)
	at org.openqa.selenium.chrome.ChromeDriver.&lt;init&gt;(ChromeDriver.java:168)
	at org.openqa.selenium.chrome.ChromeDriver.&lt;init&gt;(ChromeDriver.java:123)
	at com.project.base.CommonBase.initialization(CommonBase.java:47)
	at com.project.testcases.LoginPageTest.setup(LoginPageTest.java:32)
	at java.base/jdk.internal.reflect.NativeMethodAccessorImpl.invoke0(Native Method)
	at java.base/jdk.internal.reflect.NativeMethodAccessorImpl.invoke(NativeMethodAccessorImpl.java:78)
	at java.base/jdk.internal.reflect.DelegatingMethodAccessorImpl.invoke(DelegatingMethodAccessorImpl.java:43)
	at java.base/java.lang.reflect.Method.invoke(Method.java:567)
	at org.testng.internal.MethodInvocationHelper.invokeMethod(MethodInvocationHelper.java:133)
	at org.testng.internal.MethodInvocationHelper.invokeMethodConsideringTimeout(MethodInvocationHelper.java:62)
	at org.testng.internal.ConfigInvoker.invokeConfigurationMethod(ConfigInvoker.java:385)
	at org.testng.internal.ConfigInvoker.invokeConfigurations(ConfigInvoker.java:321)
	at org.testng.TestRunner.invokeTestConfigurations(TestRunner.java:637)
	at org.testng.TestRunner.beforeRun(TestRunner.java:627)
	at org.testng.TestRunner.run(TestRunner.java:589)
	at org.testng.SuiteRunner.runTest(SuiteRunner.java:377)
	at org.testng.SuiteRunner.runSequentially(SuiteRunner.java:371)
	at org.testng.SuiteRunner.privateRun(SuiteRunner.java:332)
	at org.testng.SuiteRunner.run(SuiteRunner.java:276)
	at org.testng.SuiteRunnerWorker.runSuite(SuiteRunnerWorker.java:53)
	at org.testng.SuiteRunnerWorker.run(SuiteRunnerWorker.java:96)
	at org.testng.TestNG.runSuitesSequentially(TestNG.java:1212)
	at org.testng.TestNG.runSuitesLocally(TestNG.java:1134)
	at org.testng.TestNG.runSuites(TestNG.java:1063)
	at org.testng.TestNG.run(TestNG.java:1031)
	at org.testng.remote.AbstractRemoteTestNG.run(AbstractRemoteTestNG.java:115)
=======
<td title='com.project.testcases.LoginPageTest.validateRegistration()'><b>validateRegistration</b><br>Test class: com.project.testcases.LoginPageTest<br>Parameters: fake5, fake5@g.com, 9.87654341E8, fake@12345, fake@12345, You are successfully register</td>
<td><div><pre>org.openqa.selenium.ElementClickInterceptedException: element click intercepted: Element &lt;button type=&quot;submit&quot; name=&quot;submit&quot; class=&quot;btn-upper btn btn-primary checkout-page-button&quot; id=&quot;submit&quot; disabled=&quot;&quot;&gt;...&lt;/button&gt; is not clickable at point (682, 546). Other element would receive the click: &lt;form class=&quot;register-form outer-top-xs&quot; role=&quot;form&quot; method=&quot;post&quot; name=&quot;register&quot; onsubmit=&quot;return valid();&quot;&gt;...&lt;/form&gt;
  (Session info: chrome=94.0.4606.81)
Build info: version: &apos;3.141.59&apos;, revision: &apos;e82be7d358&apos;, time: &apos;2018-11-14T08:25:48&apos;
System info: host: &apos;ARPGL005878&apos;, ip: &apos;192.168.42.157&apos;, os.name: &apos;Windows 10&apos;, os.arch: &apos;amd64&apos;, os.version: &apos;10.0&apos;, java.version: &apos;1.8.0_301&apos;
Driver info: org.openqa.selenium.chrome.ChromeDriver
Capabilities {acceptInsecureCerts: false, browserName: chrome, browserVersion: 94.0.4606.81, chrome: {chromedriverVersion: 93.0.4577.63 (ff5c0da2ec0ad..., userDataDir: C:\Users\SHIVAM~1\AppData\L...}, goog:chromeOptions: {debuggerAddress: localhost:52309}, javascriptEnabled: true, networkConnectionEnabled: false, pageLoadStrategy: normal, platform: WINDOWS, platformName: WINDOWS, proxy: Proxy(), setWindowRect: true, strictFileInteractability: false, timeouts: {implicit: 0, pageLoad: 300000, script: 30000}, unhandledPromptBehavior: dismiss and notify, webauthn:extension:credBlob: true, webauthn:extension:largeBlob: true, webauthn:virtualAuthenticators: true}
Session ID: 3d47c55e463915daceda2222af36a341
	at org.openqa.selenium.remote.http.W3CHttpResponseCodec.createException(W3CHttpResponseCodec.java:187)
	at org.openqa.selenium.remote.http.W3CHttpResponseCodec.decode(W3CHttpResponseCodec.java:122)
	at org.openqa.selenium.remote.http.W3CHttpResponseCodec.decode(W3CHttpResponseCodec.java:49)
	at org.openqa.selenium.remote.HttpCommandExecutor.execute(HttpCommandExecutor.java:158)
	at org.openqa.selenium.remote.service.DriverCommandExecutor.execute(DriverCommandExecutor.java:83)
	at org.openqa.selenium.remote.RemoteWebDriver.execute(RemoteWebDriver.java:552)
	at org.openqa.selenium.remote.RemoteWebElement.execute(RemoteWebElement.java:285)
	at org.openqa.selenium.remote.RemoteWebElement.click(RemoteWebElement.java:84)
	at org.openqa.selenium.support.pagefactory.internal.LocatingElementHandler.invoke(LocatingElementHandler.java:51)
	at com.sun.proxy.$Proxy10.click(Unknown Source)
	at com.project.pages.LoginPage.regOperation(LoginPage.java:118)
	at com.project.testcases.LoginPageTest.validateRegistration(LoginPageTest.java:90)
... Removed 33 stack frames</pre></div><a href='#' onClick='toggleBox("stack-trace1530870688", this, "Click to show all stack frames", "Click to hide stack frames")'>Click to show all stack frames</a>
<div class='stack-trace' id='stack-trace1530870688'><pre>org.openqa.selenium.ElementClickInterceptedException: element click intercepted: Element &lt;button type=&quot;submit&quot; name=&quot;submit&quot; class=&quot;btn-upper btn btn-primary checkout-page-button&quot; id=&quot;submit&quot; disabled=&quot;&quot;&gt;...&lt;/button&gt; is not clickable at point (682, 546). Other element would receive the click: &lt;form class=&quot;register-form outer-top-xs&quot; role=&quot;form&quot; method=&quot;post&quot; name=&quot;register&quot; onsubmit=&quot;return valid();&quot;&gt;...&lt;/form&gt;
  (Session info: chrome=94.0.4606.81)
Build info: version: &apos;3.141.59&apos;, revision: &apos;e82be7d358&apos;, time: &apos;2018-11-14T08:25:48&apos;
System info: host: &apos;ARPGL005878&apos;, ip: &apos;192.168.42.157&apos;, os.name: &apos;Windows 10&apos;, os.arch: &apos;amd64&apos;, os.version: &apos;10.0&apos;, java.version: &apos;1.8.0_301&apos;
Driver info: org.openqa.selenium.chrome.ChromeDriver
Capabilities {acceptInsecureCerts: false, browserName: chrome, browserVersion: 94.0.4606.81, chrome: {chromedriverVersion: 93.0.4577.63 (ff5c0da2ec0ad..., userDataDir: C:\Users\SHIVAM~1\AppData\L...}, goog:chromeOptions: {debuggerAddress: localhost:52309}, javascriptEnabled: true, networkConnectionEnabled: false, pageLoadStrategy: normal, platform: WINDOWS, platformName: WINDOWS, proxy: Proxy(), setWindowRect: true, strictFileInteractability: false, timeouts: {implicit: 0, pageLoad: 300000, script: 30000}, unhandledPromptBehavior: dismiss and notify, webauthn:extension:credBlob: true, webauthn:extension:largeBlob: true, webauthn:virtualAuthenticators: true}
Session ID: 3d47c55e463915daceda2222af36a341
	at sun.reflect.NativeConstructorAccessorImpl.newInstance0(Native Method)
	at sun.reflect.NativeConstructorAccessorImpl.newInstance(NativeConstructorAccessorImpl.java:62)
	at sun.reflect.DelegatingConstructorAccessorImpl.newInstance(DelegatingConstructorAccessorImpl.java:45)
	at java.lang.reflect.Constructor.newInstance(Constructor.java:423)
	at org.openqa.selenium.remote.http.W3CHttpResponseCodec.createException(W3CHttpResponseCodec.java:187)
	at org.openqa.selenium.remote.http.W3CHttpResponseCodec.decode(W3CHttpResponseCodec.java:122)
	at org.openqa.selenium.remote.http.W3CHttpResponseCodec.decode(W3CHttpResponseCodec.java:49)
	at org.openqa.selenium.remote.HttpCommandExecutor.execute(HttpCommandExecutor.java:158)
	at org.openqa.selenium.remote.service.DriverCommandExecutor.execute(DriverCommandExecutor.java:83)
	at org.openqa.selenium.remote.RemoteWebDriver.execute(RemoteWebDriver.java:552)
	at org.openqa.selenium.remote.RemoteWebElement.execute(RemoteWebElement.java:285)
	at org.openqa.selenium.remote.RemoteWebElement.click(RemoteWebElement.java:84)
	at sun.reflect.NativeMethodAccessorImpl.invoke0(Native Method)
	at sun.reflect.NativeMethodAccessorImpl.invoke(NativeMethodAccessorImpl.java:62)
	at sun.reflect.DelegatingMethodAccessorImpl.invoke(DelegatingMethodAccessorImpl.java:43)
	at java.lang.reflect.Method.invoke(Method.java:498)
	at org.openqa.selenium.support.pagefactory.internal.LocatingElementHandler.invoke(LocatingElementHandler.java:51)
	at com.sun.proxy.$Proxy10.click(Unknown Source)
	at com.project.pages.LoginPage.regOperation(LoginPage.java:118)
	at com.project.testcases.LoginPageTest.validateRegistration(LoginPageTest.java:90)
	at sun.reflect.NativeMethodAccessorImpl.invoke0(Native Method)
	at sun.reflect.NativeMethodAccessorImpl.invoke(NativeMethodAccessorImpl.java:62)
	at sun.reflect.DelegatingMethodAccessorImpl.invoke(DelegatingMethodAccessorImpl.java:43)
	at java.lang.reflect.Method.invoke(Method.java:498)
	at org.testng.internal.MethodInvocationHelper.invokeMethod(MethodInvocationHelper.java:124)
	at org.testng.internal.Invoker.invokeMethod(Invoker.java:583)
	at org.testng.internal.Invoker.invokeTestMethod(Invoker.java:719)
	at org.testng.internal.Invoker.invokeTestMethods(Invoker.java:989)
	at org.testng.internal.TestMethodWorker.invokeTestMethods(TestMethodWorker.java:125)
	at org.testng.internal.TestMethodWorker.run(TestMethodWorker.java:109)
	at org.testng.TestRunner.privateRun(TestRunner.java:648)
	at org.testng.TestRunner.run(TestRunner.java:505)
	at org.testng.SuiteRunner.runTest(SuiteRunner.java:455)
	at org.testng.SuiteRunner.runSequentially(SuiteRunner.java:450)
	at org.testng.SuiteRunner.privateRun(SuiteRunner.java:415)
	at org.testng.SuiteRunner.run(SuiteRunner.java:364)
	at org.testng.SuiteRunnerWorker.runSuite(SuiteRunnerWorker.java:52)
	at org.testng.SuiteRunnerWorker.run(SuiteRunnerWorker.java:84)
	at org.testng.TestNG.runSuitesSequentially(TestNG.java:1208)
	at org.testng.TestNG.runSuitesLocally(TestNG.java:1137)
	at org.testng.TestNG.runSuites(TestNG.java:1049)
	at org.testng.TestNG.run(TestNG.java:1017)
	at org.testng.remote.AbstractRemoteTestNG.run(AbstractRemoteTestNG.java:114)
>>>>>>> b752ac4b44d4ae226dc6d1f041a3c57adb31d288
	at org.testng.remote.RemoteTestNG.initAndRun(RemoteTestNG.java:251)
	at org.testng.remote.RemoteTestNG.main(RemoteTestNG.java:77)
</pre></div></td>
<td>1</td>
<<<<<<< HEAD
<td>com.project.testcases.LoginPageTest@14555e0a</td></tr>
</table><p>
<table width='100%' border='1' class='invocation-skipped'>
<tr><td colspan='4' align='center'><b>SKIPPED CONFIGURATIONS</b></td></tr>
=======
<td>com.project.testcases.LoginPageTest@754ba872</td></tr>
</table><p>
<table width='100%' border='1' class='invocation-passed'>
<tr><td colspan='4' align='center'><b>PASSED TESTS</b></td></tr>
>>>>>>> b752ac4b44d4ae226dc6d1f041a3c57adb31d288
<tr><td><b>Test method</b></td>
<td width="30%"><b>Exception</b></td>
<td width="10%"><b>Time (seconds)</b></td>
<td><b>Instance</b></td>
</tr>
<tr>
<<<<<<< HEAD
<td title='com.project.testcases.LoginPageTest.tearDown()'><b>tearDown</b><br>Test class: com.project.testcases.LoginPageTest</td>
<td></td>
<td>-1634020659</td>
<td>com.project.testcases.LoginPageTest@14555e0a</td></tr>
</table><p>
<table width='100%' border='1' class='invocation-skipped'>
<tr><td colspan='4' align='center'><b>SKIPPED TESTS</b></td></tr>
<tr><td><b>Test method</b></td>
<td width="30%"><b>Exception</b></td>
<td width="10%"><b>Time (seconds)</b></td>
<td><b>Instance</b></td>
</tr>
<tr>
<td title='com.project.testcases.LoginPageTest.validateLogin()'><b>validateLogin</b><br>Test class: com.project.testcases.LoginPageTest</td>
<td><div><pre>java.lang.RuntimeException: java.io.FileNotFoundException: C:\Users\shivam_kushwaha\eclipse-workspace\ShoppingPortal\src\resources\testdata\loginTestdata.xlsx (The system cannot find the path specified)
	at java.base/java.util.ArrayList.forEach(ArrayList.java:1511)
Caused by: java.io.FileNotFoundException: C:\Users\shivam_kushwaha\eclipse-workspace\ShoppingPortal\src\resources\testdata\loginTestdata.xlsx (The system cannot find the path specified)
	at java.base/java.io.FileInputStream.open0(Native Method)
	at java.base/java.io.FileInputStream.open(FileInputStream.java:211)
	at java.base/java.io.FileInputStream.&lt;init&gt;(FileInputStream.java:153)
	at com.project.utils.TestUtils.getTestData(TestUtils.java:30)
	at com.project.testcases.LoginPageTest.getloginData(LoginPageTest.java:45)
	... 25 more
... Removed 32 stack frames</pre></div><a href='#' onClick='toggleBox("stack-trace1360541835", this, "Click to show all stack frames", "Click to hide stack frames")'>Click to show all stack frames</a>
<div class='stack-trace' id='stack-trace1360541835'><pre>java.lang.RuntimeException: java.io.FileNotFoundException: C:\Users\shivam_kushwaha\eclipse-workspace\ShoppingPortal\src\resources\testdata\loginTestdata.xlsx (The system cannot find the path specified)
	at org.testng.internal.MethodInvocationHelper.invokeMethodNoCheckedException(MethodInvocationHelper.java:50)
	at org.testng.internal.MethodInvocationHelper.invokeDataProvider(MethodInvocationHelper.java:146)
	at org.testng.internal.Parameters.handleParameters(Parameters.java:798)
	at org.testng.internal.Parameters.handleParameters(Parameters.java:740)
	at org.testng.internal.ParameterHandler.handleParameters(ParameterHandler.java:59)
	at org.testng.internal.ParameterHandler.createParameters(ParameterHandler.java:38)
	at org.testng.internal.TestInvoker$MethodInvocationAgent.invoke(TestInvoker.java:791)
	at org.testng.internal.TestInvoker.invokeTestMethods(TestInvoker.java:146)
	at org.testng.internal.TestMethodWorker.invokeTestMethods(TestMethodWorker.java:146)
	at org.testng.internal.TestMethodWorker.run(TestMethodWorker.java:128)
	at java.base/java.util.ArrayList.forEach(ArrayList.java:1511)
	at org.testng.TestRunner.privateRun(TestRunner.java:794)
	at org.testng.TestRunner.run(TestRunner.java:596)
	at org.testng.SuiteRunner.runTest(SuiteRunner.java:377)
	at org.testng.SuiteRunner.runSequentially(SuiteRunner.java:371)
	at org.testng.SuiteRunner.privateRun(SuiteRunner.java:332)
	at org.testng.SuiteRunner.run(SuiteRunner.java:276)
	at org.testng.SuiteRunnerWorker.runSuite(SuiteRunnerWorker.java:53)
	at org.testng.SuiteRunnerWorker.run(SuiteRunnerWorker.java:96)
	at org.testng.TestNG.runSuitesSequentially(TestNG.java:1212)
	at org.testng.TestNG.runSuitesLocally(TestNG.java:1134)
	at org.testng.TestNG.runSuites(TestNG.java:1063)
	at org.testng.TestNG.run(TestNG.java:1031)
	at org.testng.remote.AbstractRemoteTestNG.run(AbstractRemoteTestNG.java:115)
	at org.testng.remote.RemoteTestNG.initAndRun(RemoteTestNG.java:251)
	at org.testng.remote.RemoteTestNG.main(RemoteTestNG.java:77)
Caused by: java.io.FileNotFoundException: C:\Users\shivam_kushwaha\eclipse-workspace\ShoppingPortal\src\resources\testdata\loginTestdata.xlsx (The system cannot find the path specified)
	at java.base/java.io.FileInputStream.open0(Native Method)
	at java.base/java.io.FileInputStream.open(FileInputStream.java:211)
	at java.base/java.io.FileInputStream.&lt;init&gt;(FileInputStream.java:153)
	at com.project.utils.TestUtils.getTestData(TestUtils.java:30)
	at com.project.testcases.LoginPageTest.getloginData(LoginPageTest.java:45)
	at java.base/jdk.internal.reflect.NativeMethodAccessorImpl.invoke0(Native Method)
	at java.base/jdk.internal.reflect.NativeMethodAccessorImpl.invoke(NativeMethodAccessorImpl.java:78)
	at java.base/jdk.internal.reflect.DelegatingMethodAccessorImpl.invoke(DelegatingMethodAccessorImpl.java:43)
	at java.base/java.lang.reflect.Method.invoke(Method.java:567)
	at org.testng.internal.MethodInvocationHelper.invokeMethod(MethodInvocationHelper.java:133)
	at org.testng.internal.MethodInvocationHelper.invokeMethod(MethodInvocationHelper.java:77)
	at org.testng.internal.MethodInvocationHelper.invokeMethodNoCheckedException(MethodInvocationHelper.java:46)
	... 25 more
</pre></div></td>
<td>0</td>
<td>com.project.testcases.LoginPageTest@14555e0a</td></tr>
<tr>
<td title='com.project.testcases.LoginPageTest.validateRegistration()'><b>validateRegistration</b><br>Test class: com.project.testcases.LoginPageTest</td>
<td><div><pre>java.lang.RuntimeException: java.io.FileNotFoundException: C:\Users\shivam_kushwaha\eclipse-workspace\ShoppingPortal\src\resources\testdata\regTestdata.xlsx (The system cannot find the path specified)
	at java.base/java.util.ArrayList.forEach(ArrayList.java:1511)
Caused by: java.io.FileNotFoundException: C:\Users\shivam_kushwaha\eclipse-workspace\ShoppingPortal\src\resources\testdata\regTestdata.xlsx (The system cannot find the path specified)
	at java.base/java.io.FileInputStream.open0(Native Method)
	at java.base/java.io.FileInputStream.open(FileInputStream.java:211)
	at java.base/java.io.FileInputStream.&lt;init&gt;(FileInputStream.java:153)
	at com.project.utils.TestUtils.getTestData(TestUtils.java:30)
	at com.project.testcases.LoginPageTest.getloginData(LoginPageTest.java:45)
	... 25 more
... Removed 32 stack frames</pre></div><a href='#' onClick='toggleBox("stack-trace1525844775", this, "Click to show all stack frames", "Click to hide stack frames")'>Click to show all stack frames</a>
<div class='stack-trace' id='stack-trace1525844775'><pre>java.lang.RuntimeException: java.io.FileNotFoundException: C:\Users\shivam_kushwaha\eclipse-workspace\ShoppingPortal\src\resources\testdata\regTestdata.xlsx (The system cannot find the path specified)
	at org.testng.internal.MethodInvocationHelper.invokeMethodNoCheckedException(MethodInvocationHelper.java:50)
	at org.testng.internal.MethodInvocationHelper.invokeDataProvider(MethodInvocationHelper.java:146)
	at org.testng.internal.Parameters.handleParameters(Parameters.java:798)
	at org.testng.internal.Parameters.handleParameters(Parameters.java:740)
	at org.testng.internal.ParameterHandler.handleParameters(ParameterHandler.java:59)
	at org.testng.internal.ParameterHandler.createParameters(ParameterHandler.java:38)
	at org.testng.internal.TestInvoker$MethodInvocationAgent.invoke(TestInvoker.java:791)
	at org.testng.internal.TestInvoker.invokeTestMethods(TestInvoker.java:146)
	at org.testng.internal.TestMethodWorker.invokeTestMethods(TestMethodWorker.java:146)
	at org.testng.internal.TestMethodWorker.run(TestMethodWorker.java:128)
	at java.base/java.util.ArrayList.forEach(ArrayList.java:1511)
	at org.testng.TestRunner.privateRun(TestRunner.java:794)
	at org.testng.TestRunner.run(TestRunner.java:596)
	at org.testng.SuiteRunner.runTest(SuiteRunner.java:377)
	at org.testng.SuiteRunner.runSequentially(SuiteRunner.java:371)
	at org.testng.SuiteRunner.privateRun(SuiteRunner.java:332)
	at org.testng.SuiteRunner.run(SuiteRunner.java:276)
	at org.testng.SuiteRunnerWorker.runSuite(SuiteRunnerWorker.java:53)
	at org.testng.SuiteRunnerWorker.run(SuiteRunnerWorker.java:96)
	at org.testng.TestNG.runSuitesSequentially(TestNG.java:1212)
	at org.testng.TestNG.runSuitesLocally(TestNG.java:1134)
	at org.testng.TestNG.runSuites(TestNG.java:1063)
	at org.testng.TestNG.run(TestNG.java:1031)
	at org.testng.remote.AbstractRemoteTestNG.run(AbstractRemoteTestNG.java:115)
	at org.testng.remote.RemoteTestNG.initAndRun(RemoteTestNG.java:251)
	at org.testng.remote.RemoteTestNG.main(RemoteTestNG.java:77)
Caused by: java.io.FileNotFoundException: C:\Users\shivam_kushwaha\eclipse-workspace\ShoppingPortal\src\resources\testdata\regTestdata.xlsx (The system cannot find the path specified)
	at java.base/java.io.FileInputStream.open0(Native Method)
	at java.base/java.io.FileInputStream.open(FileInputStream.java:211)
	at java.base/java.io.FileInputStream.&lt;init&gt;(FileInputStream.java:153)
	at com.project.utils.TestUtils.getTestData(TestUtils.java:30)
	at com.project.testcases.LoginPageTest.getloginData(LoginPageTest.java:45)
	at java.base/jdk.internal.reflect.NativeMethodAccessorImpl.invoke0(Native Method)
	at java.base/jdk.internal.reflect.NativeMethodAccessorImpl.invoke(NativeMethodAccessorImpl.java:78)
	at java.base/jdk.internal.reflect.DelegatingMethodAccessorImpl.invoke(DelegatingMethodAccessorImpl.java:43)
	at java.base/java.lang.reflect.Method.invoke(Method.java:567)
	at org.testng.internal.MethodInvocationHelper.invokeMethod(MethodInvocationHelper.java:133)
	at org.testng.internal.MethodInvocationHelper.invokeMethod(MethodInvocationHelper.java:77)
	at org.testng.internal.MethodInvocationHelper.invokeMethodNoCheckedException(MethodInvocationHelper.java:46)
	... 25 more
</pre></div></td>
<td>0</td>
<td>com.project.testcases.LoginPageTest@14555e0a</td></tr>
<tr>
<td title='com.project.testcases.LoginPageTest.validateTitle()'><b>validateTitle</b><br>Test class: com.project.testcases.LoginPageTest</td>
<td><div><pre>org.openqa.selenium.WebDriverException: unknown error: cannot find Chrome binary
Build info: version: &apos;3.141.59&apos;, revision: &apos;e82be7d358&apos;, time: &apos;2018-11-14T08:25:48&apos;
System info: host: &apos;HJNZL001402&apos;, ip: &apos;192.168.0.245&apos;, os.name: &apos;Windows 10&apos;, os.arch: &apos;amd64&apos;, os.version: &apos;10.0&apos;, java.version: &apos;16.0.2&apos;
Driver info: driver.version: ChromeDriver
remote stacktrace: Backtrace:
	Ordinal0 [0x005CD403+2479107]
	Ordinal0 [0x00567D51+2063697]
	Ordinal0 [0x004720C8+1056968]
	Ordinal0 [0x0048B54C+1160524]
	Ordinal0 [0x00489B7F+1153919]
	Ordinal0 [0x004B9CBF+1350847]
	Ordinal0 [0x004B992A+1349930]
	Ordinal0 [0x004B583B+1333307]
	Ordinal0 [0x00491F94+1187732]
	Ordinal0 [0x00492DE9+1191401]
	GetHandleVerifier [0x0074F3F6+1531734]
	GetHandleVerifier [0x007FE9AE+2249998]
	GetHandleVerifier [0x006539AB+501003]
	GetHandleVerifier [0x00652A29+497033]
	Ordinal0 [0x0056D11D+2085149]
	Ordinal0 [0x005711C8+2101704]
	Ordinal0 [0x00571302+2102018]
	Ordinal0 [0x0057AA71+2140785]
	BaseThreadInitThunk [0x76806359+25]
	RtlGetAppContainerNamedObjectPath [0x777E87A4+228]
	RtlGetAppContainerNamedObjectPath [0x777E8774+180]

	at org.openqa.selenium.remote.W3CHandshakeResponse.lambda$errorHandler$0(W3CHandshakeResponse.java:62)
	at org.openqa.selenium.remote.HandshakeResponse.lambda$getResponseFunction$0(HandshakeResponse.java:30)
	at org.openqa.selenium.remote.ProtocolHandshake.lambda$createSession$0(ProtocolHandshake.java:126)
	at java.base/java.util.stream.ReferencePipeline$3$1.accept(ReferencePipeline.java:197)
	at java.base/java.util.Spliterators$ArraySpliterator.tryAdvance(Spliterators.java:958)
	at java.base/java.util.stream.ReferencePipeline.forEachWithCancel(ReferencePipeline.java:129)
	at java.base/java.util.stream.AbstractPipeline.copyIntoWithCancel(AbstractPipeline.java:502)
	at java.base/java.util.stream.AbstractPipeline.copyInto(AbstractPipeline.java:488)
	at java.base/java.util.stream.AbstractPipeline.wrapAndCopyInto(AbstractPipeline.java:474)
	at java.base/java.util.stream.FindOps$FindOp.evaluateSequential(FindOps.java:150)
	at java.base/java.util.stream.AbstractPipeline.evaluate(AbstractPipeline.java:234)
	at java.base/java.util.stream.ReferencePipeline.findFirst(ReferencePipeline.java:647)
	at org.openqa.selenium.remote.ProtocolHandshake.createSession(ProtocolHandshake.java:128)
	at org.openqa.selenium.remote.ProtocolHandshake.createSession(ProtocolHandshake.java:74)
	at org.openqa.selenium.remote.HttpCommandExecutor.execute(HttpCommandExecutor.java:136)
	at org.openqa.selenium.remote.service.DriverCommandExecutor.execute(DriverCommandExecutor.java:83)
	at org.openqa.selenium.remote.RemoteWebDriver.execute(RemoteWebDriver.java:552)
	at org.openqa.selenium.remote.RemoteWebDriver.startSession(RemoteWebDriver.java:213)
	at org.openqa.selenium.remote.RemoteWebDriver.&lt;init&gt;(RemoteWebDriver.java:131)
	at org.openqa.selenium.chrome.ChromeDriver.&lt;init&gt;(ChromeDriver.java:181)
	at org.openqa.selenium.chrome.ChromeDriver.&lt;init&gt;(ChromeDriver.java:168)
	at org.openqa.selenium.chrome.ChromeDriver.&lt;init&gt;(ChromeDriver.java:123)
	at com.project.base.CommonBase.initialization(CommonBase.java:47)
	at com.project.testcases.LoginPageTest.setup(LoginPageTest.java:32)
... Removed 29 stack frames</pre></div><a href='#' onClick='toggleBox("stack-trace1837601499", this, "Click to show all stack frames", "Click to hide stack frames")'>Click to show all stack frames</a>
<div class='stack-trace' id='stack-trace1837601499'><pre>org.openqa.selenium.WebDriverException: unknown error: cannot find Chrome binary
Build info: version: &apos;3.141.59&apos;, revision: &apos;e82be7d358&apos;, time: &apos;2018-11-14T08:25:48&apos;
System info: host: &apos;HJNZL001402&apos;, ip: &apos;192.168.0.245&apos;, os.name: &apos;Windows 10&apos;, os.arch: &apos;amd64&apos;, os.version: &apos;10.0&apos;, java.version: &apos;16.0.2&apos;
Driver info: driver.version: ChromeDriver
remote stacktrace: Backtrace:
	Ordinal0 [0x005CD403+2479107]
	Ordinal0 [0x00567D51+2063697]
	Ordinal0 [0x004720C8+1056968]
	Ordinal0 [0x0048B54C+1160524]
	Ordinal0 [0x00489B7F+1153919]
	Ordinal0 [0x004B9CBF+1350847]
	Ordinal0 [0x004B992A+1349930]
	Ordinal0 [0x004B583B+1333307]
	Ordinal0 [0x00491F94+1187732]
	Ordinal0 [0x00492DE9+1191401]
	GetHandleVerifier [0x0074F3F6+1531734]
	GetHandleVerifier [0x007FE9AE+2249998]
	GetHandleVerifier [0x006539AB+501003]
	GetHandleVerifier [0x00652A29+497033]
	Ordinal0 [0x0056D11D+2085149]
	Ordinal0 [0x005711C8+2101704]
	Ordinal0 [0x00571302+2102018]
	Ordinal0 [0x0057AA71+2140785]
	BaseThreadInitThunk [0x76806359+25]
	RtlGetAppContainerNamedObjectPath [0x777E87A4+228]
	RtlGetAppContainerNamedObjectPath [0x777E8774+180]

	at java.base/jdk.internal.reflect.NativeConstructorAccessorImpl.newInstance0(Native Method)
	at java.base/jdk.internal.reflect.NativeConstructorAccessorImpl.newInstance(NativeConstructorAccessorImpl.java:78)
	at java.base/jdk.internal.reflect.DelegatingConstructorAccessorImpl.newInstance(DelegatingConstructorAccessorImpl.java:45)
	at java.base/java.lang.reflect.Constructor.newInstanceWithCaller(Constructor.java:499)
	at java.base/java.lang.reflect.Constructor.newInstance(Constructor.java:480)
	at org.openqa.selenium.remote.W3CHandshakeResponse.lambda$errorHandler$0(W3CHandshakeResponse.java:62)
	at org.openqa.selenium.remote.HandshakeResponse.lambda$getResponseFunction$0(HandshakeResponse.java:30)
	at org.openqa.selenium.remote.ProtocolHandshake.lambda$createSession$0(ProtocolHandshake.java:126)
	at java.base/java.util.stream.ReferencePipeline$3$1.accept(ReferencePipeline.java:197)
	at java.base/java.util.Spliterators$ArraySpliterator.tryAdvance(Spliterators.java:958)
	at java.base/java.util.stream.ReferencePipeline.forEachWithCancel(ReferencePipeline.java:129)
	at java.base/java.util.stream.AbstractPipeline.copyIntoWithCancel(AbstractPipeline.java:502)
	at java.base/java.util.stream.AbstractPipeline.copyInto(AbstractPipeline.java:488)
	at java.base/java.util.stream.AbstractPipeline.wrapAndCopyInto(AbstractPipeline.java:474)
	at java.base/java.util.stream.FindOps$FindOp.evaluateSequential(FindOps.java:150)
	at java.base/java.util.stream.AbstractPipeline.evaluate(AbstractPipeline.java:234)
	at java.base/java.util.stream.ReferencePipeline.findFirst(ReferencePipeline.java:647)
	at org.openqa.selenium.remote.ProtocolHandshake.createSession(ProtocolHandshake.java:128)
	at org.openqa.selenium.remote.ProtocolHandshake.createSession(ProtocolHandshake.java:74)
	at org.openqa.selenium.remote.HttpCommandExecutor.execute(HttpCommandExecutor.java:136)
	at org.openqa.selenium.remote.service.DriverCommandExecutor.execute(DriverCommandExecutor.java:83)
	at org.openqa.selenium.remote.RemoteWebDriver.execute(RemoteWebDriver.java:552)
	at org.openqa.selenium.remote.RemoteWebDriver.startSession(RemoteWebDriver.java:213)
	at org.openqa.selenium.remote.RemoteWebDriver.&lt;init&gt;(RemoteWebDriver.java:131)
	at org.openqa.selenium.chrome.ChromeDriver.&lt;init&gt;(ChromeDriver.java:181)
	at org.openqa.selenium.chrome.ChromeDriver.&lt;init&gt;(ChromeDriver.java:168)
	at org.openqa.selenium.chrome.ChromeDriver.&lt;init&gt;(ChromeDriver.java:123)
	at com.project.base.CommonBase.initialization(CommonBase.java:47)
	at com.project.testcases.LoginPageTest.setup(LoginPageTest.java:32)
	at java.base/jdk.internal.reflect.NativeMethodAccessorImpl.invoke0(Native Method)
	at java.base/jdk.internal.reflect.NativeMethodAccessorImpl.invoke(NativeMethodAccessorImpl.java:78)
	at java.base/jdk.internal.reflect.DelegatingMethodAccessorImpl.invoke(DelegatingMethodAccessorImpl.java:43)
	at java.base/java.lang.reflect.Method.invoke(Method.java:567)
	at org.testng.internal.MethodInvocationHelper.invokeMethod(MethodInvocationHelper.java:133)
	at org.testng.internal.MethodInvocationHelper.invokeMethodConsideringTimeout(MethodInvocationHelper.java:62)
	at org.testng.internal.ConfigInvoker.invokeConfigurationMethod(ConfigInvoker.java:385)
	at org.testng.internal.ConfigInvoker.invokeConfigurations(ConfigInvoker.java:321)
	at org.testng.TestRunner.invokeTestConfigurations(TestRunner.java:637)
	at org.testng.TestRunner.beforeRun(TestRunner.java:627)
	at org.testng.TestRunner.run(TestRunner.java:589)
	at org.testng.SuiteRunner.runTest(SuiteRunner.java:377)
	at org.testng.SuiteRunner.runSequentially(SuiteRunner.java:371)
	at org.testng.SuiteRunner.privateRun(SuiteRunner.java:332)
	at org.testng.SuiteRunner.run(SuiteRunner.java:276)
	at org.testng.SuiteRunnerWorker.runSuite(SuiteRunnerWorker.java:53)
	at org.testng.SuiteRunnerWorker.run(SuiteRunnerWorker.java:96)
	at org.testng.TestNG.runSuitesSequentially(TestNG.java:1212)
	at org.testng.TestNG.runSuitesLocally(TestNG.java:1134)
	at org.testng.TestNG.runSuites(TestNG.java:1063)
	at org.testng.TestNG.run(TestNG.java:1031)
	at org.testng.remote.AbstractRemoteTestNG.run(AbstractRemoteTestNG.java:115)
	at org.testng.remote.RemoteTestNG.initAndRun(RemoteTestNG.java:251)
	at org.testng.remote.RemoteTestNG.main(RemoteTestNG.java:77)
</pre></div></td>
<td>0</td>
<td>com.project.testcases.LoginPageTest@14555e0a</td></tr>
<tr>
<td title='com.project.testcases.LoginPageTest.validateForgotpassNav()'><b>validateForgotpassNav</b><br>Test class: com.project.testcases.LoginPageTest</td>
<td><div><pre>org.openqa.selenium.WebDriverException: unknown error: cannot find Chrome binary
Build info: version: &apos;3.141.59&apos;, revision: &apos;e82be7d358&apos;, time: &apos;2018-11-14T08:25:48&apos;
System info: host: &apos;HJNZL001402&apos;, ip: &apos;192.168.0.245&apos;, os.name: &apos;Windows 10&apos;, os.arch: &apos;amd64&apos;, os.version: &apos;10.0&apos;, java.version: &apos;16.0.2&apos;
Driver info: driver.version: ChromeDriver
remote stacktrace: Backtrace:
	Ordinal0 [0x005CD403+2479107]
	Ordinal0 [0x00567D51+2063697]
	Ordinal0 [0x004720C8+1056968]
	Ordinal0 [0x0048B54C+1160524]
	Ordinal0 [0x00489B7F+1153919]
	Ordinal0 [0x004B9CBF+1350847]
	Ordinal0 [0x004B992A+1349930]
	Ordinal0 [0x004B583B+1333307]
	Ordinal0 [0x00491F94+1187732]
	Ordinal0 [0x00492DE9+1191401]
	GetHandleVerifier [0x0074F3F6+1531734]
	GetHandleVerifier [0x007FE9AE+2249998]
	GetHandleVerifier [0x006539AB+501003]
	GetHandleVerifier [0x00652A29+497033]
	Ordinal0 [0x0056D11D+2085149]
	Ordinal0 [0x005711C8+2101704]
	Ordinal0 [0x00571302+2102018]
	Ordinal0 [0x0057AA71+2140785]
	BaseThreadInitThunk [0x76806359+25]
	RtlGetAppContainerNamedObjectPath [0x777E87A4+228]
	RtlGetAppContainerNamedObjectPath [0x777E8774+180]

	at org.openqa.selenium.remote.W3CHandshakeResponse.lambda$errorHandler$0(W3CHandshakeResponse.java:62)
	at org.openqa.selenium.remote.HandshakeResponse.lambda$getResponseFunction$0(HandshakeResponse.java:30)
	at org.openqa.selenium.remote.ProtocolHandshake.lambda$createSession$0(ProtocolHandshake.java:126)
	at java.base/java.util.stream.ReferencePipeline$3$1.accept(ReferencePipeline.java:197)
	at java.base/java.util.Spliterators$ArraySpliterator.tryAdvance(Spliterators.java:958)
	at java.base/java.util.stream.ReferencePipeline.forEachWithCancel(ReferencePipeline.java:129)
	at java.base/java.util.stream.AbstractPipeline.copyIntoWithCancel(AbstractPipeline.java:502)
	at java.base/java.util.stream.AbstractPipeline.copyInto(AbstractPipeline.java:488)
	at java.base/java.util.stream.AbstractPipeline.wrapAndCopyInto(AbstractPipeline.java:474)
	at java.base/java.util.stream.FindOps$FindOp.evaluateSequential(FindOps.java:150)
	at java.base/java.util.stream.AbstractPipeline.evaluate(AbstractPipeline.java:234)
	at java.base/java.util.stream.ReferencePipeline.findFirst(ReferencePipeline.java:647)
	at org.openqa.selenium.remote.ProtocolHandshake.createSession(ProtocolHandshake.java:128)
	at org.openqa.selenium.remote.ProtocolHandshake.createSession(ProtocolHandshake.java:74)
	at org.openqa.selenium.remote.HttpCommandExecutor.execute(HttpCommandExecutor.java:136)
	at org.openqa.selenium.remote.service.DriverCommandExecutor.execute(DriverCommandExecutor.java:83)
	at org.openqa.selenium.remote.RemoteWebDriver.execute(RemoteWebDriver.java:552)
	at org.openqa.selenium.remote.RemoteWebDriver.startSession(RemoteWebDriver.java:213)
	at org.openqa.selenium.remote.RemoteWebDriver.&lt;init&gt;(RemoteWebDriver.java:131)
	at org.openqa.selenium.chrome.ChromeDriver.&lt;init&gt;(ChromeDriver.java:181)
	at org.openqa.selenium.chrome.ChromeDriver.&lt;init&gt;(ChromeDriver.java:168)
	at org.openqa.selenium.chrome.ChromeDriver.&lt;init&gt;(ChromeDriver.java:123)
	at com.project.base.CommonBase.initialization(CommonBase.java:47)
	at com.project.testcases.LoginPageTest.setup(LoginPageTest.java:32)
... Removed 29 stack frames</pre></div><a href='#' onClick='toggleBox("stack-trace2021053848", this, "Click to show all stack frames", "Click to hide stack frames")'>Click to show all stack frames</a>
<div class='stack-trace' id='stack-trace2021053848'><pre>org.openqa.selenium.WebDriverException: unknown error: cannot find Chrome binary
Build info: version: &apos;3.141.59&apos;, revision: &apos;e82be7d358&apos;, time: &apos;2018-11-14T08:25:48&apos;
System info: host: &apos;HJNZL001402&apos;, ip: &apos;192.168.0.245&apos;, os.name: &apos;Windows 10&apos;, os.arch: &apos;amd64&apos;, os.version: &apos;10.0&apos;, java.version: &apos;16.0.2&apos;
Driver info: driver.version: ChromeDriver
remote stacktrace: Backtrace:
	Ordinal0 [0x005CD403+2479107]
	Ordinal0 [0x00567D51+2063697]
	Ordinal0 [0x004720C8+1056968]
	Ordinal0 [0x0048B54C+1160524]
	Ordinal0 [0x00489B7F+1153919]
	Ordinal0 [0x004B9CBF+1350847]
	Ordinal0 [0x004B992A+1349930]
	Ordinal0 [0x004B583B+1333307]
	Ordinal0 [0x00491F94+1187732]
	Ordinal0 [0x00492DE9+1191401]
	GetHandleVerifier [0x0074F3F6+1531734]
	GetHandleVerifier [0x007FE9AE+2249998]
	GetHandleVerifier [0x006539AB+501003]
	GetHandleVerifier [0x00652A29+497033]
	Ordinal0 [0x0056D11D+2085149]
	Ordinal0 [0x005711C8+2101704]
	Ordinal0 [0x00571302+2102018]
	Ordinal0 [0x0057AA71+2140785]
	BaseThreadInitThunk [0x76806359+25]
	RtlGetAppContainerNamedObjectPath [0x777E87A4+228]
	RtlGetAppContainerNamedObjectPath [0x777E8774+180]

	at java.base/jdk.internal.reflect.NativeConstructorAccessorImpl.newInstance0(Native Method)
	at java.base/jdk.internal.reflect.NativeConstructorAccessorImpl.newInstance(NativeConstructorAccessorImpl.java:78)
	at java.base/jdk.internal.reflect.DelegatingConstructorAccessorImpl.newInstance(DelegatingConstructorAccessorImpl.java:45)
	at java.base/java.lang.reflect.Constructor.newInstanceWithCaller(Constructor.java:499)
	at java.base/java.lang.reflect.Constructor.newInstance(Constructor.java:480)
	at org.openqa.selenium.remote.W3CHandshakeResponse.lambda$errorHandler$0(W3CHandshakeResponse.java:62)
	at org.openqa.selenium.remote.HandshakeResponse.lambda$getResponseFunction$0(HandshakeResponse.java:30)
	at org.openqa.selenium.remote.ProtocolHandshake.lambda$createSession$0(ProtocolHandshake.java:126)
	at java.base/java.util.stream.ReferencePipeline$3$1.accept(ReferencePipeline.java:197)
	at java.base/java.util.Spliterators$ArraySpliterator.tryAdvance(Spliterators.java:958)
	at java.base/java.util.stream.ReferencePipeline.forEachWithCancel(ReferencePipeline.java:129)
	at java.base/java.util.stream.AbstractPipeline.copyIntoWithCancel(AbstractPipeline.java:502)
	at java.base/java.util.stream.AbstractPipeline.copyInto(AbstractPipeline.java:488)
	at java.base/java.util.stream.AbstractPipeline.wrapAndCopyInto(AbstractPipeline.java:474)
	at java.base/java.util.stream.FindOps$FindOp.evaluateSequential(FindOps.java:150)
	at java.base/java.util.stream.AbstractPipeline.evaluate(AbstractPipeline.java:234)
	at java.base/java.util.stream.ReferencePipeline.findFirst(ReferencePipeline.java:647)
	at org.openqa.selenium.remote.ProtocolHandshake.createSession(ProtocolHandshake.java:128)
	at org.openqa.selenium.remote.ProtocolHandshake.createSession(ProtocolHandshake.java:74)
	at org.openqa.selenium.remote.HttpCommandExecutor.execute(HttpCommandExecutor.java:136)
	at org.openqa.selenium.remote.service.DriverCommandExecutor.execute(DriverCommandExecutor.java:83)
	at org.openqa.selenium.remote.RemoteWebDriver.execute(RemoteWebDriver.java:552)
	at org.openqa.selenium.remote.RemoteWebDriver.startSession(RemoteWebDriver.java:213)
	at org.openqa.selenium.remote.RemoteWebDriver.&lt;init&gt;(RemoteWebDriver.java:131)
	at org.openqa.selenium.chrome.ChromeDriver.&lt;init&gt;(ChromeDriver.java:181)
	at org.openqa.selenium.chrome.ChromeDriver.&lt;init&gt;(ChromeDriver.java:168)
	at org.openqa.selenium.chrome.ChromeDriver.&lt;init&gt;(ChromeDriver.java:123)
	at com.project.base.CommonBase.initialization(CommonBase.java:47)
	at com.project.testcases.LoginPageTest.setup(LoginPageTest.java:32)
	at java.base/jdk.internal.reflect.NativeMethodAccessorImpl.invoke0(Native Method)
	at java.base/jdk.internal.reflect.NativeMethodAccessorImpl.invoke(NativeMethodAccessorImpl.java:78)
	at java.base/jdk.internal.reflect.DelegatingMethodAccessorImpl.invoke(DelegatingMethodAccessorImpl.java:43)
	at java.base/java.lang.reflect.Method.invoke(Method.java:567)
	at org.testng.internal.MethodInvocationHelper.invokeMethod(MethodInvocationHelper.java:133)
	at org.testng.internal.MethodInvocationHelper.invokeMethodConsideringTimeout(MethodInvocationHelper.java:62)
	at org.testng.internal.ConfigInvoker.invokeConfigurationMethod(ConfigInvoker.java:385)
	at org.testng.internal.ConfigInvoker.invokeConfigurations(ConfigInvoker.java:321)
	at org.testng.TestRunner.invokeTestConfigurations(TestRunner.java:637)
	at org.testng.TestRunner.beforeRun(TestRunner.java:627)
	at org.testng.TestRunner.run(TestRunner.java:589)
	at org.testng.SuiteRunner.runTest(SuiteRunner.java:377)
	at org.testng.SuiteRunner.runSequentially(SuiteRunner.java:371)
	at org.testng.SuiteRunner.privateRun(SuiteRunner.java:332)
	at org.testng.SuiteRunner.run(SuiteRunner.java:276)
	at org.testng.SuiteRunnerWorker.runSuite(SuiteRunnerWorker.java:53)
	at org.testng.SuiteRunnerWorker.run(SuiteRunnerWorker.java:96)
	at org.testng.TestNG.runSuitesSequentially(TestNG.java:1212)
	at org.testng.TestNG.runSuitesLocally(TestNG.java:1134)
	at org.testng.TestNG.runSuites(TestNG.java:1063)
	at org.testng.TestNG.run(TestNG.java:1031)
	at org.testng.remote.AbstractRemoteTestNG.run(AbstractRemoteTestNG.java:115)
	at org.testng.remote.RemoteTestNG.initAndRun(RemoteTestNG.java:251)
	at org.testng.remote.RemoteTestNG.main(RemoteTestNG.java:77)
</pre></div></td>
<td>0</td>
<td>com.project.testcases.LoginPageTest@14555e0a</td></tr>
=======
<td title='com.project.testcases.LoginPageTest.validateForgotpassNav()'><b>validateForgotpassNav</b><br>Test class: com.project.testcases.LoginPageTest</td>
<td></td>
<td>0</td>
<td>com.project.testcases.LoginPageTest@754ba872</td></tr>
<tr>
<td title='com.project.testcases.LoginPageTest.validateLogin()'><b>validateLogin</b><br>Test class: com.project.testcases.LoginPageTest<br>Parameters: abc@f.com, 123.0, fail</td>
<td></td>
<td>0</td>
<td>com.project.testcases.LoginPageTest@754ba872</td></tr>
<tr>
<td title='com.project.testcases.LoginPageTest.validateLogin()'><b>validateLogin</b><br>Test class: com.project.testcases.LoginPageTest<br>Parameters: def@g.com, 456.0, fail</td>
<td></td>
<td>0</td>
<td>com.project.testcases.LoginPageTest@754ba872</td></tr>
<tr>
<td title='com.project.testcases.LoginPageTest.validateLogin()'><b>validateLogin</b><br>Test class: com.project.testcases.LoginPageTest<br>Parameters: ghi@g.com, 789.0, fail</td>
<td></td>
<td>0</td>
<td>com.project.testcases.LoginPageTest@754ba872</td></tr>
<tr>
<td title='com.project.testcases.LoginPageTest.validateLogin()'><b>validateLogin</b><br>Test class: com.project.testcases.LoginPageTest<br>Parameters: hjk@g.com, sk@12345, fail</td>
<td></td>
<td>0</td>
<td>com.project.testcases.LoginPageTest@754ba872</td></tr>
<tr>
<td title='com.project.testcases.LoginPageTest.validateLogin()'><b>validateLogin</b><br>Test class: com.project.testcases.LoginPageTest<br>Parameters: sk@g.com, 123.0, fail</td>
<td></td>
<td>0</td>
<td>com.project.testcases.LoginPageTest@754ba872</td></tr>
<tr>
<td title='com.project.testcases.LoginPageTest.validateLogin()'><b>validateLogin</b><br>Test class: com.project.testcases.LoginPageTest<br>Parameters: sk@g.com, sk@12345, pass</td>
<td></td>
<td>0</td>
<td>com.project.testcases.LoginPageTest@754ba872</td></tr>
<tr>
<td title='com.project.testcases.LoginPageTest.validateRegistration()'><b>validateRegistration</b><br>Test class: com.project.testcases.LoginPageTest<br>Parameters: fake1, sk@g.com, 1.23456789E9, 123.0, 123.0, Duplicate email</td>
<td></td>
<td>0</td>
<td>com.project.testcases.LoginPageTest@754ba872</td></tr>
<tr>
<td title='com.project.testcases.LoginPageTest.validateRegistration()'><b>validateRegistration</b><br>Test class: com.project.testcases.LoginPageTest<br>Parameters: fake2, new@g.com, 1.23456789E9, new@12345, new@123, Password and Confirm Password Field do not match  !!</td>
<td></td>
<td>0</td>
<td>com.project.testcases.LoginPageTest@754ba872</td></tr>
<tr>
<td title='com.project.testcases.LoginPageTest.validateTitle()'><b>validateTitle</b><br>Test class: com.project.testcases.LoginPageTest</td>
<td></td>
<td>0</td>
<td>com.project.testcases.LoginPageTest@754ba872</td></tr>
>>>>>>> b752ac4b44d4ae226dc6d1f041a3c57adb31d288
</table><p>
</body>
</html>